<?xml version="1.0" encoding="UTF-8"?>
<testng-results skipped="0" failed="0" ignored="0" total="1" passed="1">
  <reporter-output>
  </reporter-output>
  <suite name="Default suite" duration-ms="12216" started-at="2020-10-11T16:34:24 EDT" finished-at="2020-10-11T16:34:36 EDT">
    <groups>
    </groups>
    <test name="Default test" duration-ms="12216" started-at="2020-10-11T16:34:24 EDT" finished-at="2020-10-11T16:34:36 EDT">
      <class name="com.ohrm.test.BaseTest">
        <test-method status="PASS" signature="setUP()[pri:0, instance:com.ohrm.test.BaseTest@7c29daf3]" name="setUP" is-config="true" duration-ms="8177" started-at="2020-10-11T16:34:24 EDT" finished-at="2020-10-11T16:34:32 EDT">
          <reporter-output>
          </reporter-output>
        </test-method> <!-- setUP -->
        <test-method status="PASS" signature="login()[pri:0, instance:com.ohrm.test.BaseTest@7c29daf3]" name="login" duration-ms="3936" started-at="2020-10-11T16:34:32 EDT" finished-at="2020-10-11T16:34:36 EDT">
          <reporter-output>
          </reporter-output>
        </test-method> <!-- login -->
      </class> <!-- com.ohrm.test.BaseTest -->
    </test> <!-- Default test -->
  </suite> <!-- Default suite -->
</testng-results>
